#
# A fatal error has been detected by the Java Runtime Environment:
#
#  EXCEPTION_ACCESS_VIOLATION (0xc0000005) at pc=0x0000000066bfc956, pid=2184, tid=8992
#
# JRE version: Java(TM) SE Runtime Environment (8.0_20-b26) (build 1.8.0_20-b26)
# Java VM: Java HotSpot(TM) 64-Bit Server VM (25.20-b23 mixed mode windows-amd64 compressed oops)
# Problematic frame:
# V  [jvm.dll+0x45c956]
#
# Failed to write core dump. Minidumps are not enabled by default on client versions of Windows
#
# If you would like to submit a bug report, please visit:
#   http://bugreport.sun.com/bugreport/crash.jsp
#

---------------  T H R E A D  ---------------

Current thread (0x0000000016ef8000):  JavaThread "C2 CompilerThread0" daemon [_thread_in_native, id=8992, stack(0x00000000174d0000,0x00000000175d0000)]

siginfo: ExceptionCode=0xc0000005, reading address 0x0000000000000030

Registers:
RAX=0x0000000000000000, RBX=0x0000000000000010, RCX=0x000000001a90d050, RDX=0x000000001a90db70
RSP=0x00000000175cbde0, RBP=0x000000001a90d0a0, RSI=0x0000000000000000, RDI=0x00000000175cc2d0
R8 =0x0000000000000000, R9 =0x0000000000000e7b, R10=0x0000000000000e9e, R11=0x000000001a90d0a0
R12=0x000000001a90d050, R13=0x00000000194ff0c0, R14=0x0000000016ef46b0, R15=0x00000000191f87a0
RIP=0x0000000066bfc956, EFLAGS=0x0000000000010283

Top of Stack: (sp=0x00000000175cbde0)
0x00000000175cbde0:   0000000000000010 0000000000000000
0x00000000175cbdf0:   0000000000000002 00000000194ff0c0
0x00000000175cbe00:   0000000000000000 00000000191f87a0
0x00000000175cbe10:   0000000000349e88 000000001920c5b0
0x00000000175cbe20:   00000000194ff0c0 000000001920c5b0
0x00000000175cbe30:   0000000016ef46b0 0000000066de50b8
0x00000000175cbe40:   0000000016ef46b0 0000000000000400
0x00000000175cbe50:   0000000019327060 0000000016ef46b0
0x00000000175cbe60:   0000000000000001 0000000016ef46b0
0x00000000175cbe70:   0000000000000000 000000001925ee60
0x00000000175cbe80:   0000000016ef46b0 00000000175cc2d0
0x00000000175cbe90:   0000000000000000 00000000175cbfb0
0x00000000175cbea0:   00000000175cc2f0 0000000066c3d76f
0x00000000175cbeb0:   00000000175cc2d0 0000000000000e9e
0x00000000175cbec0:   000000001a90d050 000000001a90d0a0
0x00000000175cbed0:   000000001925eeb0 0000000019266e48 

Instructions: (pc=0x0000000066bfc956)
0x0000000066bfc936:   94 24 d0 00 00 00 4d 8d 4a fe 8b 42 d8 4c 8b 02
0x0000000066bfc946:   48 8d 0c 80 48 c1 e1 04 49 03 cc 4c 3b c1 74 07
0x0000000066bfc956:   49 8b 40 30 48 89 02 48 89 72 10 48 89 72 18 48
0x0000000066bfc966:   83 c2 50 49 ff c9 75 d2 48 8b 47 10 48 8b ac 24 


Register to memory mapping:

RAX=0x0000000000000000 is an unknown value
RBX=0x0000000000000010 is an unknown value
RCX=0x000000001a90d050 is an unknown value
RDX=0x000000001a90db70 is an unknown value
RSP=0x00000000175cbde0 is pointing into the stack for thread: 0x0000000016ef8000
RBP=0x000000001a90d0a0 is an unknown value
RSI=0x0000000000000000 is an unknown value
RDI=0x00000000175cc2d0 is pointing into the stack for thread: 0x0000000016ef8000
R8 =0x0000000000000000 is an unknown value
R9 =0x0000000000000e7b is an unknown value
R10=0x0000000000000e9e is an unknown value
R11=0x000000001a90d0a0 is an unknown value
R12=0x000000001a90d050 is an unknown value
R13=0x00000000194ff0c0 is an unknown value
R14=0x0000000016ef46b0 is an unknown value
R15=0x00000000191f87a0 is an unknown value


Stack: [0x00000000174d0000,0x00000000175d0000],  sp=0x00000000175cbde0,  free space=1007k
Native frames: (J=compiled Java code, j=interpreted, Vv=VM code, C=native code)
V  [jvm.dll+0x45c956]
V  [jvm.dll+0x49d76f]
V  [jvm.dll+0x451911]
V  [jvm.dll+0x452634]
V  [jvm.dll+0x435fc2]
V  [jvm.dll+0x97b62]
V  [jvm.dll+0x98353]
V  [jvm.dll+0x22aac4]
V  [jvm.dll+0x283f5a]
C  [msvcr100.dll+0x21d9f]
C  [msvcr100.dll+0x21e3b]
C  [KERNEL32.DLL+0x18102]
C  [ntdll.dll+0x5c5b4]


Current CompileTask:
C2:   2185 1343   !   4       com.android.dx.cf.code.BytecodeArray::parseInstruction (2764 bytes)


---------------  P R O C E S S  ---------------

Java Threads: ( => current thread )
  0x0000000017199000 JavaThread "pool-2-thread-4" [_thread_in_Java, id=4524, stack(0x0000000017ed0000,0x0000000017fd0000)]
  0x0000000017194000 JavaThread "pool-2-thread-3" [_thread_blocked, id=3176, stack(0x0000000017dd0000,0x0000000017ed0000)]
  0x00000000170c4000 JavaThread "pool-2-thread-2" [_thread_blocked, id=3688, stack(0x0000000017cd0000,0x0000000017dd0000)]
  0x00000000170f0800 JavaThread "pool-3-thread-1" [_thread_blocked, id=6256, stack(0x0000000017bd0000,0x0000000017cd0000)]
  0x00000000170cd000 JavaThread "pool-2-thread-1" [_thread_blocked, id=9904, stack(0x0000000017ad0000,0x0000000017bd0000)]
  0x0000000016f5c000 JavaThread "Service Thread" daemon [_thread_blocked, id=3976, stack(0x00000000178d0000,0x00000000179d0000)]
  0x0000000016f53000 JavaThread "C1 CompilerThread3" daemon [_thread_blocked, id=8520, stack(0x00000000177d0000,0x00000000178d0000)]
  0x0000000016f50000 JavaThread "C2 CompilerThread2" daemon [_thread_in_native, id=4816, stack(0x00000000176d0000,0x00000000177d0000)]
  0x0000000016efa000 JavaThread "C2 CompilerThread1" daemon [_thread_in_native, id=9556, stack(0x00000000175d0000,0x00000000176d0000)]
=>0x0000000016ef8000 JavaThread "C2 CompilerThread0" daemon [_thread_in_native, id=8992, stack(0x00000000174d0000,0x00000000175d0000)]
  0x0000000016ef6000 JavaThread "Attach Listener" daemon [_thread_blocked, id=9108, stack(0x00000000173d0000,0x00000000174d0000)]
  0x0000000016ef5000 JavaThread "Signal Dispatcher" daemon [_thread_blocked, id=4760, stack(0x00000000172d0000,0x00000000173d0000)]
  0x00000000022b4000 JavaThread "Finalizer" daemon [_thread_blocked, id=4020, stack(0x0000000016cd0000,0x0000000016dd0000)]
  0x00000000022b3000 JavaThread "Reference Handler" daemon [_thread_blocked, id=3696, stack(0x0000000016bd0000,0x0000000016cd0000)]
  0x00000000021c0800 JavaThread "main" [_thread_blocked, id=2644, stack(0x0000000001fc0000,0x00000000020c0000)]

Other Threads:
  0x0000000014dd8000 VMThread [stack: 0x0000000016ad0000,0x0000000016bd0000] [id=5832]
  0x0000000016f5c800 WatcherThread [stack: 0x00000000179d0000,0x0000000017ad0000] [id=2912]

VM state:not at safepoint (normal execution)

VM Mutex/Monitor currently owned by a thread: None

Heap:
 PSYoungGen      total 57344K, used 15618K [0x00000000eab00000, 0x00000000f1b00000, 0x0000000100000000)
  eden space 49152K, 15% used [0x00000000eab00000,0x00000000eb242480,0x00000000edb00000)
  from space 8192K, 99% used [0x00000000edb00000,0x00000000ee2fe398,0x00000000ee300000)
  to   space 8192K, 0% used [0x00000000f1300000,0x00000000f1300000,0x00000000f1b00000)
 ParOldGen       total 131072K, used 366K [0x00000000c0000000, 0x00000000c8000000, 0x00000000eab00000)
  object space 131072K, 0% used [0x00000000c0000000,0x00000000c005ba50,0x00000000c8000000)
 Metaspace       used 6036K, capacity 7024K, committed 7296K, reserved 1056768K
  class space    used 592K, capacity 616K, committed 640K, reserved 1048576K

Card table byte_map: [0x0000000011680000,0x0000000011890000] byte_map_base: 0x0000000011080000

Marking Bits: (ParMarkBitMap*) 0x0000000066f7b460
 Begin Bits: [0x00000000121f0000, 0x00000000131f0000)
 End Bits:   [0x00000000131f0000, 0x00000000141f0000)

Polling page: 0x0000000000780000

CodeCache: size=245760Kb used=5620Kb max_used=5640Kb free=240139Kb
 bounds [0x00000000022c0000, 0x0000000002850000, 0x00000000112c0000]
 total_blobs=1690 nmethods=1426 adapters=178
 compilation: enabled

Compilation events (10 events):
Event: 2.100 Thread 0x0000000016f53000 1440       3       com.android.dx.cf.direct.DirectClassFile::getAttributes (9 bytes)
Event: 2.101 Thread 0x0000000016f53000 nmethod 1440 0x0000000002833110 code [0x0000000002833280, 0x00000000028334c8]
Event: 2.102 Thread 0x0000000016f53000 1441  s    3       com.android.dx.dex.file.FieldIdsSection::intern (55 bytes)
Event: 2.103 Thread 0x0000000016f53000 nmethod 1441 0x0000000002833590 code [0x00000000028337a0, 0x0000000002834488]
Event: 2.167 Thread 0x0000000016f53000 1442  s    3       com.android.dx.dex.file.MethodIdsSection::intern (55 bytes)
Event: 2.167 Thread 0x0000000016f53000 nmethod 1442 0x000000000283b610 code [0x000000000283b820, 0x000000000283c4e8]
Event: 2.168 Thread 0x0000000016f53000 1443       3       com.android.dx.rop.type.Prototype::compareTo (120 bytes)
Event: 2.168 Thread 0x0000000016f50000 nmethod 1370 0x000000000283cb50 code [0x000000000283cfa0, 0x0000000002840ce0]
Event: 2.168 Thread 0x0000000016f50000 1406       4       java.util.Collections$UnmodifiableCollection::iterator (9 bytes)
Event: 2.169 Thread 0x0000000016f53000 nmethod 1443 0x0000000002839e50 code [0x000000000283a060, 0x000000000283aef8]

GC Heap History (2 events):
Event: 1.924 GC heap before
{Heap before GC invocations=1 (full 0):
 PSYoungGen      total 57344K, used 49152K [0x00000000eab00000, 0x00000000eeb00000, 0x0000000100000000)
  eden space 49152K, 100% used [0x00000000eab00000,0x00000000edb00000,0x00000000edb00000)
  from space 8192K, 0% used [0x00000000ee300000,0x00000000ee300000,0x00000000eeb00000)
  to   space 8192K, 0% used [0x00000000edb00000,0x00000000edb00000,0x00000000ee300000)
 ParOldGen       total 131072K, used 0K [0x00000000c0000000, 0x00000000c8000000, 0x00000000eab00000)
  object space 131072K, 0% used [0x00000000c0000000,0x00000000c0000000,0x00000000c8000000)
 Metaspace       used 6006K, capacity 6960K, committed 7040K, reserved 1056768K
  class space    used 591K, capacity 616K, committed 640K, reserved 1048576K
Event: 2.009 GC heap after
Heap after GC invocations=1 (full 0):
 PSYoungGen      total 57344K, used 8184K [0x00000000eab00000, 0x00000000f1b00000, 0x0000000100000000)
  eden space 49152K, 0% used [0x00000000eab00000,0x00000000eab00000,0x00000000edb00000)
  from space 8192K, 99% used [0x00000000edb00000,0x00000000ee2fe398,0x00000000ee300000)
  to   space 8192K, 0% used [0x00000000f1300000,0x00000000f1300000,0x00000000f1b00000)
 ParOldGen       total 131072K, used 366K [0x00000000c0000000, 0x00000000c8000000, 0x00000000eab00000)
  object space 131072K, 0% used [0x00000000c0000000,0x00000000c005ba50,0x00000000c8000000)
 Metaspace       used 6006K, capacity 6960K, committed 7040K, reserved 1056768K
  class space    used 591K, capacity 616K, committed 640K, reserved 1048576K
}

Deoptimization events (6 events):
Event: 0.992 Thread 0x00000000170cd000 Uncommon trap: reason=class_check action=maybe_recompile pc=0x000000000253c2d4 method=com.android.dx.ssa.NormalSsaInsn.accept(Lcom/android/dx/ssa/SsaInsn$Visitor;)V @ 9
Event: 0.992 Thread 0x00000000170cd000 Uncommon trap: reason=class_check action=maybe_recompile pc=0x000000000253c2d4 method=com.android.dx.ssa.NormalSsaInsn.accept(Lcom/android/dx/ssa/SsaInsn$Visitor;)V @ 9
Event: 1.010 Thread 0x00000000170cd000 Uncommon trap: reason=class_check action=maybe_recompile pc=0x000000000253c2d4 method=com.android.dx.ssa.NormalSsaInsn.accept(Lcom/android/dx/ssa/SsaInsn$Visitor;)V @ 9
Event: 1.369 Thread 0x00000000170cd000 Uncommon trap: reason=class_check action=maybe_recompile pc=0x000000000253c2d4 method=com.android.dx.ssa.NormalSsaInsn.accept(Lcom/android/dx/ssa/SsaInsn$Visitor;)V @ 9
Event: 1.369 Thread 0x00000000170cd000 Uncommon trap: reason=class_check action=maybe_recompile pc=0x000000000252acb0 method=com.android.dx.ssa.NormalSsaInsn.accept(Lcom/android/dx/ssa/SsaInsn$Visitor;)V @ 9
Event: 1.394 Thread 0x00000000021c0800 Uncommon trap: reason=unloaded action=reinterpret pc=0x000000000262da2c method=com.android.dx.cf.cst.ConstantPoolParser.parse0(ILjava/util/BitSet;)Lcom/android/dx/rop/cst/Constant; @ 198

Internal exceptions (10 events):
Event: 0.916 Thread 0x00000000170cd000 Exception <a 'java/security/PrivilegedActionException'> (0x00000000eb77f1d0) thrown at [D:\re\workspace\8-2-build-windows-amd64-cygwin\jdk8u20\1074\hotspot\src\share\vm\prims\jvm.cpp, line 1275]
Event: 0.925 Thread 0x0000000017194000 Exception <a 'java/security/PrivilegedActionException'> (0x00000000eb6e5488) thrown at [D:\re\workspace\8-2-build-windows-amd64-cygwin\jdk8u20\1074\hotspot\src\share\vm\prims\jvm.cpp, line 1275]
Event: 0.947 Thread 0x00000000170cd000 Exception <a 'java/security/PrivilegedActionException'> (0x00000000eb7ac6d8) thrown at [D:\re\workspace\8-2-build-windows-amd64-cygwin\jdk8u20\1074\hotspot\src\share\vm\prims\jvm.cpp, line 1275]
Event: 0.947 Thread 0x0000000017194000 Exception <a 'java/security/PrivilegedActionException'> (0x00000000eb726f88) thrown at [D:\re\workspace\8-2-build-windows-amd64-cygwin\jdk8u20\1074\hotspot\src\share\vm\prims\jvm.cpp, line 1275]
Event: 0.948 Thread 0x0000000017194000 Exception <a 'java/security/PrivilegedActionException'> (0x00000000eb72c6b8) thrown at [D:\re\workspace\8-2-build-windows-amd64-cygwin\jdk8u20\1074\hotspot\src\share\vm\prims\jvm.cpp, line 1275]
Event: 0.950 Thread 0x00000000170cd000 Exception <a 'java/security/PrivilegedActionException'> (0x00000000eb7bf690) thrown at [D:\re\workspace\8-2-build-windows-amd64-cygwin\jdk8u20\1074\hotspot\src\share\vm\prims\jvm.cpp, line 1275]
Event: 0.951 Thread 0x00000000170cd000 Exception <a 'java/security/PrivilegedActionException'> (0x00000000eb7c5188) thrown at [D:\re\workspace\8-2-build-windows-amd64-cygwin\jdk8u20\1074\hotspot\src\share\vm\prims\jvm.cpp, line 1275]
Event: 0.952 Thread 0x00000000170cd000 Exception <a 'java/security/PrivilegedActionException'> (0x00000000eb7ca980) thrown at [D:\re\workspace\8-2-build-windows-amd64-cygwin\jdk8u20\1074\hotspot\src\share\vm\prims\jvm.cpp, line 1275]
Event: 0.961 Thread 0x00000000170cd000 Exception <a 'java/security/PrivilegedActionException'> (0x00000000eb7fe170) thrown at [D:\re\workspace\8-2-build-windows-amd64-cygwin\jdk8u20\1074\hotspot\src\share\vm\prims\jvm.cpp, line 1275]
Event: 0.962 Thread 0x00000000021c0800 Exception <a 'java/security/PrivilegedActionException'> (0x00000000eb89e8b0) thrown at [D:\re\workspace\8-2-build-windows-amd64-cygwin\jdk8u20\1074\hotspot\src\share\vm\prims\jvm.cpp, line 1275]

Events (10 events):
Event: 1.873 loading class java/util/TreeMap$EntryIterator
Event: 1.874 loading class java/util/TreeMap$EntryIterator done
Event: 1.874 Executing VM operation: Deoptimize
Event: 1.911 Executing VM operation: Deoptimize done
Event: 1.911 Thread 0x0000000017199000 DEOPT PACKING pc=0x0000000002773bec sp=0x0000000017fce580
Event: 1.911 Thread 0x0000000017199000 DEOPT UNPACKING pc=0x00000000023075bf sp=0x0000000017fce240 mode 0
Event: 1.924 Executing VM operation: ParallelGCFailedAllocation
Event: 2.010 Executing VM operation: ParallelGCFailedAllocation done
Event: 2.015 loading class sun/misc/Cleaner
Event: 2.015 loading class sun/misc/Cleaner done


Dynamic libraries:
0x00007ff6dae70000 - 0x00007ff6daea4000 	C:\Program Files\Java\jdk1.8.0_20\bin\java.exe
0x00007ff9d7380000 - 0x00007ff9d7541000 	C:\WINDOWS\SYSTEM32\ntdll.dll
0x00007ff9d53e0000 - 0x00007ff9d548d000 	C:\WINDOWS\system32\KERNEL32.DLL
0x00007ff9d4510000 - 0x00007ff9d46f8000 	C:\WINDOWS\system32\KERNELBASE.dll
0x00007ff9d4d60000 - 0x00007ff9d4e07000 	C:\WINDOWS\system32\ADVAPI32.dll
0x00007ff9d4890000 - 0x00007ff9d492d000 	C:\WINDOWS\system32\msvcrt.dll
0x00007ff9d56b0000 - 0x00007ff9d570b000 	C:\WINDOWS\system32\sechost.dll
0x00007ff9d5190000 - 0x00007ff9d52ac000 	C:\WINDOWS\system32\RPCRT4.dll
0x00007ff9d4e10000 - 0x00007ff9d4f66000 	C:\WINDOWS\system32\USER32.dll
0x00007ff9d4f90000 - 0x00007ff9d5116000 	C:\WINDOWS\system32\GDI32.dll
0x00007ff9cf200000 - 0x00007ff9cf474000 	C:\WINDOWS\WinSxS\amd64_microsoft.windows.common-controls_6595b64144ccf1df_6.0.10586.0_none_8c15ae12515e1c22\COMCTL32.dll
0x00007ff9d5860000 - 0x00007ff9d5add000 	C:\WINDOWS\system32\combase.dll
0x00007ff9d3d90000 - 0x00007ff9d3dfa000 	C:\WINDOWS\system32\bcryptPrimitives.dll
0x00007ff9d7270000 - 0x00007ff9d72ab000 	C:\WINDOWS\system32\IMM32.DLL
0x00000000660a0000 - 0x0000000066172000 	C:\Program Files\Java\jdk1.8.0_20\jre\bin\msvcr100.dll
0x00000000667a0000 - 0x0000000066ff8000 	C:\Program Files\Java\jdk1.8.0_20\jre\bin\server\jvm.dll
0x00007ff9d5b40000 - 0x00007ff9d5b48000 	C:\WINDOWS\system32\PSAPI.DLL
0x00007ff9b9230000 - 0x00007ff9b9239000 	C:\WINDOWS\SYSTEM32\WSOCK32.dll
0x00007ff9d72b0000 - 0x00007ff9d731b000 	C:\WINDOWS\system32\WS2_32.dll
0x00007ff9d1fc0000 - 0x00007ff9d1fe3000 	C:\WINDOWS\SYSTEM32\WINMM.dll
0x00007ff9d1c80000 - 0x00007ff9d1cac000 	C:\WINDOWS\SYSTEM32\WINMMBASE.dll
0x00007ff9d3ae0000 - 0x00007ff9d3b23000 	C:\WINDOWS\system32\cfgmgr32.dll
0x0000000066790000 - 0x000000006679f000 	C:\Program Files\Java\jdk1.8.0_20\jre\bin\verify.dll
0x0000000066760000 - 0x0000000066788000 	C:\Program Files\Java\jdk1.8.0_20\jre\bin\java.dll
0x0000000066740000 - 0x0000000066756000 	C:\Program Files\Java\jdk1.8.0_20\jre\bin\zip.dll
0x00007ff9d5d10000 - 0x00007ff9d726c000 	C:\WINDOWS\system32\SHELL32.dll
0x00007ff9d3e00000 - 0x00007ff9d4444000 	C:\WINDOWS\system32\windows.storage.dll
0x00007ff9d7320000 - 0x00007ff9d7372000 	C:\WINDOWS\system32\shlwapi.dll
0x00007ff9d39b0000 - 0x00007ff9d39bf000 	C:\WINDOWS\system32\kernel.appcore.dll
0x00007ff9d4450000 - 0x00007ff9d4505000 	C:\WINDOWS\system32\shcore.dll
0x00007ff9d39c0000 - 0x00007ff9d3a0b000 	C:\WINDOWS\system32\powrprof.dll
0x00007ff9d3a10000 - 0x00007ff9d3a24000 	C:\WINDOWS\system32\profapi.dll
0x00007ff9cf490000 - 0x00007ff9cf61c000 	C:\WINDOWS\SYSTEM32\dbghelp.dll

VM Arguments:
jvm_args: -Djava.awt.headless=true -Xmx1024M -Dfile.encoding=windows-1252 -Duser.country=US -Duser.language=en -Duser.variant 
java_command: com.android.dx.command.Main --dex --force-jumbo --num-threads=4 --multi-dex --output C:\Users\Suyash\AndroidStudioProjects\ForceDoze\app\build\intermediates\transforms\dex\debug\folders\1000\10\com.github.afollestad.material-dialogs-core-0.8.5.8_4e4944d8179c38c75f9a08755938b042203cb8eb C:\Users\Suyash\AndroidStudioProjects\ForceDoze\app\build\intermediates\exploded-aar\com.github.afollestad.material-dialogs\core\0.8.5.8\jars\classes.jar
java_class_path (initial): C:\Users\Suyash\AppData\Local\Android\android-sdk\build-tools\23.0.3\lib\dx.jar
Launcher Type: SUN_STANDARD

Environment Variables:
JAVA_HOME=C:\Program Files\Java\jdk1.8.0_20
PATH=C:\ProgramData\Oracle\Java\javapath;C:\WINDOWS\system32;C:\WINDOWS;C:\WINDOWS\System32\Wbem;C:\WINDOWS\System32\WindowsPowerShell\v1.0\;C:\Program Files (x86)\Windows Live\Shared;C:\Program Files\Microsoft SQL Server\110\Tools\Binn\;C:\Program Files (x86)\Java\jre1.8.0_31\bin;C:\Program Files (x86)\NVIDIA Corporation\PhysX\Common;C:\WINDOWS\system32;C:\WINDOWS;C:\WINDOWS\System32\Wbem;C:\WINDOWS\System32\WindowsPowerShell\v1.0\;C:\Program Files (x86)\Skype\Phone\
USERNAME=Suyash
OS=Windows_NT
PROCESSOR_IDENTIFIER=Intel64 Family 6 Model 58 Stepping 9, GenuineIntel



---------------  S Y S T E M  ---------------

OS: Windows 8.1 , 64 bit Build 9600 

CPU:total 8 (4 cores per cpu, 2 threads per core) family 6 model 58 stepping 9, cmov, cx8, fxsr, mmx, sse, sse2, sse3, ssse3, sse4.1, sse4.2, popcnt, avx, aes, clmul, erms, ht, tsc, tscinvbit, tscinv

Memory: 4k page, physical 12521332k(6428380k free), swap 14421876k(6632192k free)

vm_info: Java HotSpot(TM) 64-Bit Server VM (25.20-b23) for windows-amd64 JRE (1.8.0_20-b26), built on Jul 30 2014 13:51:23 by "java_re" with MS VC++ 10.0 (VS2010)

time: Thu May 12 15:41:29 2016
elapsed time: 2 seconds (0d 0h 0m 2s)

